<?xml version="1.0" encoding="UTF-8"?>
<testng-results ignored="0" total="1" passed="1" failed="0" skipped="0">
  <reporter-output>
  </reporter-output>
  <suite started-at="2024-09-27T14:35:39 PDT" name="Default suite" finished-at="2024-09-27T14:35:41 PDT" duration-ms="2081">
    <groups>
    </groups>
    <test started-at="2024-09-27T14:35:39 PDT" name="Default test" finished-at="2024-09-27T14:35:41 PDT" duration-ms="2081">
      <class name="testThisCode.TestThis">
        <test-method is-config="true" signature="setUpAll()[pri:0, instance:testThisCode.TestThis@93081b6]" started-at="2024-09-27T14:35:39 PDT" name="setUpAll" finished-at="2024-09-27T14:35:39 PDT" duration-ms="20" status="PASS">
          <reporter-output>
          </reporter-output>
        </test-method> <!-- setUpAll -->
        <test-method signature="Test()[pri:0, instance:testThisCode.TestThis@93081b6]" started-at="2024-09-27T14:35:39 PDT" name="Test" finished-at="2024-09-27T14:35:41 PDT" duration-ms="2016" status="PASS">
          <reporter-output>
          </reporter-output>
        </test-method> <!-- Test -->
        <test-method is-config="true" signature="AfterTest()[pri:0, instance:testThisCode.TestThis@93081b6]" started-at="2024-09-27T14:35:41 PDT" name="AfterTest" finished-at="2024-09-27T14:35:41 PDT" duration-ms="0" status="PASS">
          <reporter-output>
          </reporter-output>
        </test-method> <!-- AfterTest -->
      </class> <!-- testThisCode.TestThis -->
    </test> <!-- Default test -->
  </suite> <!-- Default suite -->
</testng-results>
